[2026-06-30T09:21:16.226Z][INFO] Command-line: 'C:\\Program Files\\Unity\\Hub\\Editor\\6000.5.1f1\\Editor\\Data\\Resources\\PackageManager\\Server\\UnityPackageManager.exe' server -s 28204 --ipc-path Unity-Upm-28204 -l 2 --log-file F:\\progs\\game\\SurvivorGame/Logs/upm.log
[2026-06-30T09:21:16.256Z][INFO] IPC server started (IPC path=Unity-Upm-28204).
[2026-06-30T09:21:16.256Z][INFO] Hint: To connect to this UPM instance, launch Unity with the command-line parameter -upmIpcPath Upm-28204.
[2026-06-30T09:21:19.172Z][INFO] project:list-packages <-- Request received
params: {}
[2026-06-30T09:21:19.237Z][INFO] config:project:get-registries <-- Request received
params: {}
[2026-06-30T09:21:19.242Z][INFO] project:list-packages <-- Request received
params: {}
[2026-06-30T09:21:19.269Z][INFO] config:project:get-registries --> 200 (32 ms)
[2026-06-30T09:21:19.585Z][INFO] project:list-packages --> 200 (414 ms)
[2026-06-30T09:21:19.638Z][INFO] project:list-packages --> 200 (396 ms)
[2026-06-30T09:21:22.303Z][INFO] project:list-packages <-- Request received
params: {}
[2026-06-30T09:21:22.337Z][INFO] project:list-packages <-- Request received
params: {}
[2026-06-30T09:21:22.588Z][INFO] project:list-packages --> 200 (285 ms)
[2026-06-30T09:21:22.623Z][INFO] project:list-packages --> 200 (286 ms)
[2026-06-30T09:21:25.785Z][INFO] project:list-packages <-- Request received
params: {}
[2026-06-30T09:21:25.970Z][INFO] project:list-packages --> 200 (185 ms)
[2026-06-30T09:21:26.148Z][INFO] config:project:get-registries <-- Request received
params: {}
[2026-06-30T09:21:26.151Z][INFO] config:project:get-registries --> 200 (3 ms)
[2026-06-30T09:21:28.672Z][INFO] project:list-packages <-- Request received
params: {}
[2026-06-30T09:21:28.862Z][INFO] project:list-packages --> 200 (190 ms)
[2026-06-30T09:21:29.770Z][INFO] packages:get-packageinfo <-- Request received
params: {
  "packageId": "com.unity.ai.assistant"
}
[2026-06-30T09:21:32.977Z][INFO] packages:get-packageinfo --> 200 (3207 ms)
[2026-06-30T09:21:53.919Z][INFO] project:list-packages <-- Request received
params: {}
[2026-06-30T09:21:57.302Z][INFO] project:list-packages --> 200 (3383 ms)
[2026-06-30T09:23:08.803Z][INFO] packages:get-packageinfo <-- Request received
params: {
  "packageId": "com.unity.collab-proxy"
}
[2026-06-30T09:23:09.443Z][INFO] packages:get-packageinfo --> 200 (640 ms)
[2026-06-30T09:47:33.311Z][INFO] project:list-packages <-- Request received
params: {}
[2026-06-30T09:47:33.544Z][INFO] project:list-packages --> 200 (233 ms)
[2026-06-30T09:47:34.230Z][INFO] project:list-packages <-- Request received
params: {}
[2026-06-30T09:47:34.470Z][INFO] project:list-packages --> 200 (240 ms)
[2026-06-30T09:47:34.842Z][INFO] config:project:get-registries <-- Request received
params: {}
[2026-06-30T09:47:34.846Z][INFO] config:project:get-registries --> 200 (4 ms)
[2026-06-30T09:47:36.306Z][INFO] packages:get-packageinfo <-- Request received
params: {
  "packageId": "com.unity.ai.assistant"
}
[2026-06-30T09:47:37.309Z][INFO] packages:get-packageinfo --> 200 (1003 ms)
[2026-06-30T09:47:48.755Z][INFO] project:list-packages <-- Request received
params: {}
[2026-06-30T09:47:48.901Z][INFO] project:list-packages --> 200 (147 ms)
[2026-06-30T09:47:49.358Z][INFO] project:list-packages <-- Request received
params: {}
[2026-06-30T09:47:49.514Z][INFO] project:list-packages --> 200 (156 ms)
[2026-06-30T09:47:49.770Z][INFO] config:project:get-registries <-- Request received
params: {}
[2026-06-30T09:47:49.774Z][INFO] config:project:get-registries --> 200 (4 ms)
[2026-06-30T09:47:50.908Z][INFO] packages:get-packageinfo <-- Request received
params: {
  "packageId": "com.unity.ai.assistant"
}
[2026-06-30T09:47:50.930Z][INFO] packages:get-packageinfo --> 200 (22 ms)
[2026-06-30T09:49:17.175Z][INFO] project:list-packages <-- Request received
params: {}
[2026-06-30T09:49:17.320Z][INFO] project:list-packages --> 200 (145 ms)
[2026-06-30T09:49:17.808Z][INFO] project:list-packages <-- Request received
params: {}
[2026-06-30T09:49:17.970Z][INFO] project:list-packages --> 200 (162 ms)
[2026-06-30T09:49:18.228Z][INFO] config:project:get-registries <-- Request received
params: {}
[2026-06-30T09:49:18.232Z][INFO] config:project:get-registries --> 200 (4 ms)
[2026-06-30T09:49:20.770Z][INFO] packages:get-packageinfo <-- Request received
params: {
  "packageId": "com.unity.ai.assistant"
}
[2026-06-30T09:49:21.422Z][INFO] packages:get-packageinfo --> 200 (652 ms)
[2026-06-30T09:49:29.905Z][INFO] project:list-packages <-- Request received
params: {}
[2026-06-30T09:49:30.048Z][INFO] project:list-packages --> 200 (143 ms)
[2026-06-30T09:49:30.540Z][INFO] project:list-packages <-- Request received
params: {}
[2026-06-30T09:49:30.689Z][INFO] project:list-packages --> 200 (149 ms)
[2026-06-30T09:49:30.963Z][INFO] config:project:get-registries <-- Request received
params: {}
[2026-06-30T09:49:30.966Z][INFO] config:project:get-registries --> 200 (3 ms)
[2026-06-30T09:49:33.396Z][INFO] packages:get-packageinfo <-- Request received
params: {
  "packageId": "com.unity.ai.assistant"
}
[2026-06-30T09:49:33.412Z][INFO] packages:get-packageinfo --> 200 (16 ms)
[2026-06-30T09:50:08.972Z][INFO] project:list-packages <-- Request received
params: {}
[2026-06-30T09:50:09.123Z][INFO] project:list-packages --> 200 (151 ms)
[2026-06-30T09:50:09.596Z][INFO] project:list-packages <-- Request received
params: {}
[2026-06-30T09:50:09.766Z][INFO] project:list-packages --> 200 (170 ms)
[2026-06-30T09:50:10.020Z][INFO] config:project:get-registries <-- Request received
params: {}
[2026-06-30T09:50:10.024Z][INFO] config:project:get-registries --> 200 (4 ms)
[2026-06-30T09:50:12.293Z][INFO] packages:get-packageinfo <-- Request received
params: {
  "packageId": "com.unity.ai.assistant"
}
[2026-06-30T09:50:12.929Z][INFO] packages:get-packageinfo --> 200 (636 ms)
[2026-06-30T09:51:29.581Z][INFO] project:list-packages <-- Request received
params: {}
[2026-06-30T09:51:29.723Z][INFO] project:list-packages --> 200 (142 ms)
[2026-06-30T09:51:30.224Z][INFO] project:list-packages <-- Request received
params: {}
[2026-06-30T09:51:30.381Z][INFO] project:list-packages --> 200 (157 ms)
[2026-06-30T09:51:30.660Z][INFO] config:project:get-registries <-- Request received
params: {}
[2026-06-30T09:51:30.663Z][INFO] config:project:get-registries --> 200 (3 ms)
[2026-06-30T09:51:33.165Z][INFO] packages:get-packageinfo <-- Request received
params: {
  "packageId": "com.unity.ai.assistant"
}
[2026-06-30T09:51:33.732Z][INFO] packages:get-packageinfo --> 200 (567 ms)
